\BOOKMARK [1][-]{section.1}{\376\377\213\276\213\241\173\200\116\313}{}% 1
\BOOKMARK [2][-]{subsection.1.1}{\376\377\134\017\176\304\122\006\135\345\213\364\146\016\000\050\137\305\220\011\000\051}{section.1}% 2
\BOOKMARK [1][-]{section.2}{\376\377\213\276\213\241\145\271\150\110}{}% 3
\BOOKMARK [2][-]{subsection.2.1}{\376\377\140\073\117\123\213\276\213\241\140\035\215\357}{section.2}% 4
\BOOKMARK [2][-]{subsection.2.2}{\376\377\000X\000X\152\041\127\127\213\276\213\241\377\010\123\357\220\011\377\011}{section.2}% 5
\BOOKMARK [1][-]{section.3}{\376\377\213\276\213\241\217\307\172\013}{}% 6
\BOOKMARK [2][-]{subsection.3.1}{\376\377\213\276\213\241\155\101\154\064\215\046}{section.3}% 7
\BOOKMARK [2][-]{subsection.3.2}{\376\377\225\031\213\357\213\260\137\125}{section.3}% 8
\BOOKMARK [3][-]{subsubsection.3.2.1}{\376\377\225\031\213\357\0001}{subsection.3.2}% 9
\BOOKMARK [3][-]{subsubsection.3.2.2}{\376\377\225\031\213\357\0002}{subsection.3.2}% 10
\BOOKMARK [1][-]{section.4}{\376\377\213\276\213\241\176\323\147\234}{}% 11
\BOOKMARK [2][-]{subsection.4.1}{\376\377\213\276\213\241\116\244\116\330\162\151\213\364\146\016}{section.4}% 12
\BOOKMARK [2][-]{subsection.4.2}{\376\377\213\276\213\241\157\024\171\072\176\323\147\234}{section.4}% 13
\BOOKMARK [1][-]{section.5}{\376\377\123\302\200\003\213\276\213\241\213\364\146\016}{}% 14
\BOOKMARK [1][-]{section.6}{\376\377\163\260\127\072\155\373\122\240\143\007\116\344\124\214\173\124\217\251\213\260\137\125}{}% 15
\BOOKMARK [2][-]{subsection.6.1}{\376\377\163\260\127\072\155\373\122\240\143\007\116\344}{section.6}% 16
\BOOKMARK [3][-]{subsubsection.6.1.1}{\376\377\122\006\135\345\140\305\121\265}{subsection.6.1}% 17
\BOOKMARK [3][-]{subsubsection.6.1.2}{\376\377\133\214\142\020\140\305\121\265}{subsection.6.1}% 18
\BOOKMARK [2][-]{subsection.6.2}{\376\377\163\260\127\072\173\124\217\251\213\260\137\125}{section.6}% 19
\BOOKMARK [3][-]{subsubsection.6.2.1}{\376\377\225\356\230\230\0001}{subsection.6.2}% 20
\BOOKMARK [3][-]{subsubsection.6.2.2}{\376\377\225\356\230\230\0002}{subsection.6.2}% 21
\BOOKMARK [1][-]{section.7}{\376\377\140\073\176\323\377\010\123\357\220\011\377\011}{}% 22
\BOOKMARK [1][-]{section.8}{\376\377\117\233\124\014\133\146\116\354\124\020\151\375\116\113\165\050\060\002\147\011\116\300\116\110\225\356\230\230\220\375\123\357\116\345\166\364\143\245\121\231\127\050\217\331\060\002}{}% 23
\BOOKMARK [2][-]{subsection.8.1}{\376\377\122\030\140\041\236\117}{section.8}% 24
\BOOKMARK [2][-]{subsection.8.2}{\376\377\204\213\117\163\133\217}{section.8}% 25
\BOOKMARK [1][-]{section.9}{\376\377\123\302\200\003\145\207\163\056}{}% 26
